<?xml version="1.0" encoding="UTF-8"?>
<!-- Generated by org.testng.reporters.JUnitReportReporter -->
<testsuite hostname="Mallikarjun-Kore" failures="0" tests="5" name="TestngPractice.NewTest" time="0.027" errors="0" timestamp="2023-03-26T10:08:22 IST" skipped="1">
  <testcase classname="TestngPractice.NewTest" name="test2" time="0.021"/>
  <system-out/>
  <testcase classname="TestngPractice.NewTest" name="test1" time="0.002"/>
  <system-out/>
  <testcase classname="TestngPractice.NewTest" name="test1" time="0.002"/>
  <system-out/>
  <testcase classname="TestngPractice.NewTest" name="test1" time="0.002"/>
  <system-out/>
  <testcase classname="TestngPractice.NewTest" name="test">
    <skipped/>
  </testcase> <!-- test -->
  <system-out/>
</testsuite> <!-- TestngPractice.NewTest -->
