<?xml version="1.0" encoding="UTF-8"?>
<!-- Generated by org.testng.reporters.JUnitReportReporter -->
<testsuite hostname="Mallikarjun-Kore" failures="0" tests="1" name="Chapter1.GroupExecution" time="0.019" errors="0" timestamp="2023-04-03T06:54:08 IST" skipped="0">
  <testcase classname="Chapter1.GroupExecution" name="hello" time="0.019"/>
  <system-out/>
</testsuite> <!-- Chapter1.GroupExecution -->
